<?xml version="1.0" encoding="UTF-8"?>
<!-- Generated by org.testng.reporters.JUnitReportReporter -->
<testsuite skipped="0" hostname="Ritu-Laptop" name="com.test.api.PostTest_1" tests="1" failures="0" timestamp="2021-07-12T21:09:44 CDT" time="1.745" errors="0">
  <testcase name="postTest" time="1.745" classname="com.test.api.PostTest_1"/>
  <system-out/>
</testsuite> <!-- com.test.api.PostTest_1 -->
