<?xml version="1.0" encoding="UTF-8"?>
<!-- Generated by org.testng.reporters.JUnitReportReporter -->
<testsuite skipped="0" hostname="Ritu-Laptop" name="com.test.api.ResponseSpecification" tests="2" failures="0" timestamp="2021-07-12T19:05:24 CDT" time="1.853" errors="0">
  <testcase name="test_without" time="0.436" classname="com.test.api.ResponseSpecification"/>
  <system-out/>
  <testcase name="test_with" time="1.417" classname="com.test.api.ResponseSpecification"/>
  <system-out/>
</testsuite> <!-- com.test.api.ResponseSpecification -->
