<?xml version="1.0" encoding="UTF-8"?>
<!-- Generated by org.testng.reporters.JUnitReportReporter -->
<testsuite skipped="0" hostname="Ritu-Laptop" name="com.test.api.RequestSpecification" tests="2" failures="0" timestamp="2021-07-12T18:32:52 CDT" time="2.035" errors="0">
  <testcase name="testWithParam" time="1.891" classname="com.test.api.RequestSpecification"/>
  <system-out/>
  <testcase name="testWithoutParam" time="0.144" classname="com.test.api.RequestSpecification"/>
  <system-out/>
</testsuite> <!-- com.test.api.RequestSpecification -->
