<?xml version="1.0" encoding="UTF-8"?>
<!-- Generated by org.testng.reporters.JUnitReportReporter -->
<testsuite skipped="0" hostname="Ritu-Laptop" name="com.test.api.GetTest" tests="1" failures="0" timestamp="2021-07-11T00:26:45 CDT" time="2.248" errors="0">
  <testcase name="test1" time="2.248" classname="com.test.api.GetTest"/>
  <system-out/>
</testsuite> <!-- com.test.api.GetTest -->
