<?xml version="1.0" encoding="UTF-8"?>
<!-- Generated by org.testng.reporters.JUnitReportReporter -->
<testsuite skipped="0" hostname="Ritu-Laptop" name="com.test.api.ResponseGet" tests="1" failures="0" timestamp="2021-07-11T00:27:29 CDT" time="1.505" errors="0">
  <testcase name="test" time="1.505" classname="com.test.api.ResponseGet"/>
  <system-out/>
</testsuite> <!-- com.test.api.ResponseGet -->
