<?xml version="1.0" encoding="UTF-8"?>
<!-- Generated by org.testng.reporters.JUnitReportReporter -->
<testsuite skipped="0" hostname="Ritu-Laptop" name="com.test.api.UsersTest" tests="1" failures="0" timestamp="2021-07-11T00:28:12 CDT" time="1.674" errors="0">
  <testcase name="usersTest" time="1.674" classname="com.test.api.UsersTest"/>
  <system-out/>
</testsuite> <!-- com.test.api.UsersTest -->
