<?xml version="1.0" encoding="UTF-8"?>
<!-- Generated by org.testng.reporters.JUnitReportReporter -->
<testsuite skipped="0" hostname="Ritu-Laptop" name="com.test.api.RequestSpecification" tests="2" failures="0" timestamp="2021-07-12T21:42:35 CDT" time="0.238" errors="0">
  <testcase name="testWithoutParam" time="0.108" classname="com.test.api.RequestSpecification"/>
  <system-out/>
  <testcase name="testWithParam" time="0.130" classname="com.test.api.RequestSpecification"/>
  <system-out/>
</testsuite> <!-- com.test.api.RequestSpecification -->
