<?xml version="1.0" encoding="UTF-8"?>
<!-- Generated by org.testng.reporters.JUnitReportReporter -->
<testsuite skipped="0" hostname="Ritu-Laptop" name="com.test.api.UsersTest" tests="1" failures="0" timestamp="2021-07-12T21:43:44 CDT" time="0.324" errors="0">
  <testcase name="usersTest" time="0.324" classname="com.test.api.UsersTest"/>
  <system-out/>
</testsuite> <!-- com.test.api.UsersTest -->
